<?xml version="1.0" encoding="UTF-8"?>
<testsuite name="Scenario: Ice cream shop successfully sells an ice cream" tests="4" skipped="0" failures="0" errors="0" timestamp="2020-10-19T03:50:24" hostname="MIGUEL-PC" time="0.005">
  <properties/>
  <testcase name="Given Ice cream shop with an initial amount of 200" classname="Scenario: Ice cream shop successfully sells an ice cream" time="0.001"/>
  <testcase name="When Client buys an ice cream with the price of 200" classname="Scenario: Ice cream shop successfully sells an ice cream" time="0.0"/>
  <testcase name="Then Ice cream shop final amount is 400" classname="Scenario: Ice cream shop successfully sells an ice cream" time="0.0"/>
  <testcase name="classMethod" classname="Scenario: Ice cream shop successfully sells an ice cream" time="0.183"/>
  <system-out><![CDATA[]]></system-out>
  <system-err><![CDATA[]]></system-err>
</testsuite>
